::1 - - [09/Feb/2021:14:09:45 +0000] "GET /cart HTTP/1.1" 304 - "http://localhost:3000/" "Mozilla/5.0 (Windows NT 10.0; Win64; x64) AppleWebKit/537.36 (KHTML, like Gecko) Chrome/88.0.4324.146 Safari/537.36"
::1 - - [09/Feb/2021:14:09:45 +0000] "GET /statics/bootstrap.css HTTP/1.1" 304 - "http://localhost:3000/cart" "Mozilla/5.0 (Windows NT 10.0; Win64; x64) AppleWebKit/537.36 (KHTML, like Gecko) Chrome/88.0.4324.146 Safari/537.36"
::1 - - [09/Feb/2021:14:09:45 +0000] "GET /statics/assets/styles.css HTTP/1.1" 304 - "http://localhost:3000/cart" "Mozilla/5.0 (Windows NT 10.0; Win64; x64) AppleWebKit/537.36 (KHTML, like Gecko) Chrome/88.0.4324.146 Safari/537.36"
::1 - - [09/Feb/2021:14:09:45 +0000] "GET /statics/assets/hands-high-five-ol-if-512.png HTTP/1.1" 304 - "http://localhost:3000/cart" "Mozilla/5.0 (Windows NT 10.0; Win64; x64) AppleWebKit/537.36 (KHTML, like Gecko) Chrome/88.0.4324.146 Safari/537.36"
::1 - - [09/Feb/2021:14:09:45 +0000] "GET /statics/scripts/utils.js HTTP/1.1" 304 - "http://localhost:3000/cart" "Mozilla/5.0 (Windows NT 10.0; Win64; x64) AppleWebKit/537.36 (KHTML, like Gecko) Chrome/88.0.4324.146 Safari/537.36"
::1 - - [09/Feb/2021:14:09:45 +0000] "GET /statics/assets/payment_methods.svg HTTP/1.1" 304 - "http://localhost:3000/cart" "Mozilla/5.0 (Windows NT 10.0; Win64; x64) AppleWebKit/537.36 (KHTML, like Gecko) Chrome/88.0.4324.146 Safari/537.36"
::1 - - [09/Feb/2021:14:09:45 +0000] "GET /statics/gallery/1612650887945-%E5%90%88%E4%BD%9C.jpg HTTP/1.1" 304 - "http://localhost:3000/cart" "Mozilla/5.0 (Windows NT 10.0; Win64; x64) AppleWebKit/537.36 (KHTML, like Gecko) Chrome/88.0.4324.146 Safari/537.36"
::1 - - [09/Feb/2021:14:09:46 +0000] "GET / HTTP/1.1" 200 - "http://localhost:3000/cart" "Mozilla/5.0 (Windows NT 10.0; Win64; x64) AppleWebKit/537.36 (KHTML, like Gecko) Chrome/88.0.4324.146 Safari/537.36"
::1 - - [09/Feb/2021:14:09:46 +0000] "GET /statics/bootstrap.css HTTP/1.1" 304 - "http://localhost:3000/" "Mozilla/5.0 (Windows NT 10.0; Win64; x64) AppleWebKit/537.36 (KHTML, like Gecko) Chrome/88.0.4324.146 Safari/537.36"
::1 - - [09/Feb/2021:14:09:46 +0000] "GET /statics/assets/styles.css HTTP/1.1" 304 - "http://localhost:3000/" "Mozilla/5.0 (Windows NT 10.0; Win64; x64) AppleWebKit/537.36 (KHTML, like Gecko) Chrome/88.0.4324.146 Safari/537.36"
::1 - - [09/Feb/2021:14:09:46 +0000] "GET /statics/assets/hands-high-five-ol-if-512.png HTTP/1.1" 304 - "http://localhost:3000/" "Mozilla/5.0 (Windows NT 10.0; Win64; x64) AppleWebKit/537.36 (KHTML, like Gecko) Chrome/88.0.4324.146 Safari/537.36"
::1 - - [09/Feb/2021:14:09:46 +0000] "GET /statics/assets/payment_methods.svg HTTP/1.1" 304 - "http://localhost:3000/" "Mozilla/5.0 (Windows NT 10.0; Win64; x64) AppleWebKit/537.36 (KHTML, like Gecko) Chrome/88.0.4324.146 Safari/537.36"
::1 - - [09/Feb/2021:14:09:46 +0000] "GET /statics/gallery/1612650887945-%E5%90%88%E4%BD%9C.jpg HTTP/1.1" 304 - "http://localhost:3000/" "Mozilla/5.0 (Windows NT 10.0; Win64; x64) AppleWebKit/537.36 (KHTML, like Gecko) Chrome/88.0.4324.146 Safari/537.36"
::1 - - [09/Feb/2021:14:09:46 +0000] "GET /statics/gallery/1612780737088-Bath_Therapy_Organic_Pink_Himalayn_Salt_Tube_2048x2048.jpg HTTP/1.1" 304 - "http://localhost:3000/" "Mozilla/5.0 (Windows NT 10.0; Win64; x64) AppleWebKit/537.36 (KHTML, like Gecko) Chrome/88.0.4324.146 Safari/537.36"
::1 - - [09/Feb/2021:14:09:46 +0000] "GET /statics/gallery/1612780868607-S_Co_B-6913_2048x2048.jpg HTTP/1.1" 304 - "http://localhost:3000/" "Mozilla/5.0 (Windows NT 10.0; Win64; x64) AppleWebKit/537.36 (KHTML, like Gecko) Chrome/88.0.4324.146 Safari/537.36"
::1 - - [09/Feb/2021:14:09:46 +0000] "GET /statics/gallery/1612780952200-580b57fcd9996e24bc43c325(2)%20(1).png HTTP/1.1" 304 - "http://localhost:3000/" "Mozilla/5.0 (Windows NT 10.0; Win64; x64) AppleWebKit/537.36 (KHTML, like Gecko) Chrome/88.0.4324.146 Safari/537.36"
::1 - - [09/Feb/2021:14:09:46 +0000] "GET /statics/gallery/1612736133920-homemade-pasta-dough-recipe.jpg HTTP/1.1" 304 - "http://localhost:3000/" "Mozilla/5.0 (Windows NT 10.0; Win64; x64) AppleWebKit/537.36 (KHTML, like Gecko) Chrome/88.0.4324.146 Safari/537.36"
::1 - - [09/Feb/2021:14:09:46 +0000] "GET /statics/gallery/1612650879850-108617.jpg HTTP/1.1" 304 - "http://localhost:3000/" "Mozilla/5.0 (Windows NT 10.0; Win64; x64) AppleWebKit/537.36 (KHTML, like Gecko) Chrome/88.0.4324.146 Safari/537.36"
::1 - - [09/Feb/2021:14:09:47 +0000] "GET / HTTP/1.1" 304 - "http://localhost:3000/cart" "Mozilla/5.0 (Windows NT 10.0; Win64; x64) AppleWebKit/537.36 (KHTML, like Gecko) Chrome/88.0.4324.146 Safari/537.36"
::1 - - [09/Feb/2021:14:09:47 +0000] "GET /statics/bootstrap.css HTTP/1.1" 304 - "http://localhost:3000/" "Mozilla/5.0 (Windows NT 10.0; Win64; x64) AppleWebKit/537.36 (KHTML, like Gecko) Chrome/88.0.4324.146 Safari/537.36"
::1 - - [09/Feb/2021:14:09:47 +0000] "GET /statics/assets/styles.css HTTP/1.1" 304 - "http://localhost:3000/" "Mozilla/5.0 (Windows NT 10.0; Win64; x64) AppleWebKit/537.36 (KHTML, like Gecko) Chrome/88.0.4324.146 Safari/537.36"
::1 - - [09/Feb/2021:14:09:47 +0000] "GET /statics/assets/hands-high-five-ol-if-512.png HTTP/1.1" 304 - "http://localhost:3000/" "Mozilla/5.0 (Windows NT 10.0; Win64; x64) AppleWebKit/537.36 (KHTML, like Gecko) Chrome/88.0.4324.146 Safari/537.36"
::1 - - [09/Feb/2021:14:09:47 +0000] "GET /statics/assets/payment_methods.svg HTTP/1.1" 304 - "http://localhost:3000/" "Mozilla/5.0 (Windows NT 10.0; Win64; x64) AppleWebKit/537.36 (KHTML, like Gecko) Chrome/88.0.4324.146 Safari/537.36"
::1 - - [09/Feb/2021:14:09:47 +0000] "GET /statics/gallery/1612650887945-%E5%90%88%E4%BD%9C.jpg HTTP/1.1" 304 - "http://localhost:3000/" "Mozilla/5.0 (Windows NT 10.0; Win64; x64) AppleWebKit/537.36 (KHTML, like Gecko) Chrome/88.0.4324.146 Safari/537.36"
::1 - - [09/Feb/2021:14:09:47 +0000] "GET /statics/gallery/1612780737088-Bath_Therapy_Organic_Pink_Himalayn_Salt_Tube_2048x2048.jpg HTTP/1.1" 304 - "http://localhost:3000/" "Mozilla/5.0 (Windows NT 10.0; Win64; x64) AppleWebKit/537.36 (KHTML, like Gecko) Chrome/88.0.4324.146 Safari/537.36"
::1 - - [09/Feb/2021:14:09:47 +0000] "GET /statics/gallery/1612780868607-S_Co_B-6913_2048x2048.jpg HTTP/1.1" 304 - "http://localhost:3000/" "Mozilla/5.0 (Windows NT 10.0; Win64; x64) AppleWebKit/537.36 (KHTML, like Gecko) Chrome/88.0.4324.146 Safari/537.36"
::1 - - [09/Feb/2021:14:09:47 +0000] "GET /statics/gallery/1612780952200-580b57fcd9996e24bc43c325(2)%20(1).png HTTP/1.1" 304 - "http://localhost:3000/" "Mozilla/5.0 (Windows NT 10.0; Win64; x64) AppleWebKit/537.36 (KHTML, like Gecko) Chrome/88.0.4324.146 Safari/537.36"
::1 - - [09/Feb/2021:14:09:47 +0000] "GET /statics/gallery/1612736133920-homemade-pasta-dough-recipe.jpg HTTP/1.1" 304 - "http://localhost:3000/" "Mozilla/5.0 (Windows NT 10.0; Win64; x64) AppleWebKit/537.36 (KHTML, like Gecko) Chrome/88.0.4324.146 Safari/537.36"
::1 - - [09/Feb/2021:14:09:47 +0000] "GET /statics/gallery/1612650879850-108617.jpg HTTP/1.1" 304 - "http://localhost:3000/" "Mozilla/5.0 (Windows NT 10.0; Win64; x64) AppleWebKit/537.36 (KHTML, like Gecko) Chrome/88.0.4324.146 Safari/537.36"
